<?xml version="1.0" encoding="UTF-8"?>
<!-- Generated by org.testng.reporters.JUnitXMLReporter -->
<testsuite hostname="Ty_Nguyen" name="Login guru on Chrome" tests="27" failures="0" timestamp="18 Apr 2019 03:30:48 GMT" time="98.003" errors="0">
  <testcase name="TC_01" time="2.968" classname="com.bankguru.testcase.RegisterScript"/>
  <testcase name="TC_01" time="0.156" classname="com.bankguru.testcase.NewCustomerScript"/>
  <testcase name="TC_03" time="0.133" classname="com.bankguru.testcase.NewCustomerScript"/>
  <testcase name="TC_04" time="0.106" classname="com.bankguru.testcase.NewCustomerScript"/>
  <testcase name="TC_05" time="0.112" classname="com.bankguru.testcase.NewCustomerScript"/>
  <testcase name="TC_06" time="0.107" classname="com.bankguru.testcase.NewCustomerScript"/>
  <testcase name="TC_08" time="0.121" classname="com.bankguru.testcase.NewCustomerScript"/>
  <testcase name="TC_09" time="0.126" classname="com.bankguru.testcase.NewCustomerScript"/>
  <testcase name="TC_10" time="0.118" classname="com.bankguru.testcase.NewCustomerScript"/>
  <testcase name="TC_11" time="0.097" classname="com.bankguru.testcase.NewCustomerScript"/>
  <testcase name="TC_12" time="0.118" classname="com.bankguru.testcase.NewCustomerScript"/>
  <testcase name="TC_29" time="0.115" classname="com.bankguru.testcase.NewCustomerScript"/>
  <testcase name="TC_30" time="6.367" classname="com.bankguru.testcase.NewCustomerScript"/>
  <testcase name="TC_01" time="0.118" classname="com.bankguru.testcase.EditCustomerScript"/>
  <testcase name="TC_02" time="0.113" classname="com.bankguru.testcase.EditCustomerScript"/>
  <testcase name="TC_03" time="0.145" classname="com.bankguru.testcase.EditCustomerScript"/>
  <testcase name="TC_04" time="0.109" classname="com.bankguru.testcase.EditCustomerScript"/>
  <testcase name="TC_05" time="0.918" classname="com.bankguru.testcase.EditCustomerScript"/>
  <testcase name="TC_08" time="2.066" classname="com.bankguru.testcase.EditCustomerScript"/>
  <testcase name="TC_09" time="2.329" classname="com.bankguru.testcase.EditCustomerScript"/>
  <testcase name="TC_10" time="4.856" classname="com.bankguru.testcase.EditCustomerScript"/>
  <testcase name="TC_11" time="3.322" classname="com.bankguru.testcase.EditCustomerScript"/>
  <testcase name="TC_12" time="2.788" classname="com.bankguru.testcase.EditCustomerScript"/>
  <testcase name="TC_14" time="1.442" classname="com.bankguru.testcase.EditCustomerScript"/>
  <testcase name="TC_16" time="1.255" classname="com.bankguru.testcase.EditCustomerScript"/>
  <testcase name="TC_18" time="2.343" classname="com.bankguru.testcase.EditCustomerScript"/>
  <testcase name="TC_20" time="2.374" classname="com.bankguru.testcase.EditCustomerScript"/>
</testsuite> <!-- Login guru on Chrome -->
