<?xml version="1.0" encoding="UTF-8"?>
<!-- Generated by org.testng.reporters.JUnitXMLReporter -->
<testsuite hostname="DESKTOP-P7R3D54" name="Login guru on Chrome" tests="16" failures="0" timestamp="6 Apr 2019 07:20:34 GMT" time="104.464" errors="0">
  <testcase name="TC_01" time="0.27" classname="com.bankguru.testcase.NewCustomerScript"/>
  <testcase name="TC_30" time="3.215" classname="com.bankguru.testcase.NewCustomerScript"/>
  <testcase name="TC_01" time="0.238" classname="com.bankguru.testcase.EditCustomerScript"/>
  <testcase name="TC_02" time="0.231" classname="com.bankguru.testcase.EditCustomerScript"/>
  <testcase name="TC_03" time="0.234" classname="com.bankguru.testcase.EditCustomerScript"/>
  <testcase name="TC_04" time="0.262" classname="com.bankguru.testcase.EditCustomerScript"/>
  <testcase name="TC_05" time="2.07" classname="com.bankguru.testcase.EditCustomerScript"/>
  <testcase name="TC_08" time="4.825" classname="com.bankguru.testcase.EditCustomerScript"/>
  <testcase name="TC_09" time="2.506" classname="com.bankguru.testcase.EditCustomerScript"/>
  <testcase name="TC_10" time="2.63" classname="com.bankguru.testcase.EditCustomerScript"/>
  <testcase name="TC_11" time="2.191" classname="com.bankguru.testcase.EditCustomerScript"/>
  <testcase name="TC_12" time="2.657" classname="com.bankguru.testcase.EditCustomerScript"/>
  <testcase name="TC_14" time="2.07" classname="com.bankguru.testcase.EditCustomerScript"/>
  <testcase name="TC_16" time="2.191" classname="com.bankguru.testcase.EditCustomerScript"/>
  <testcase name="TC_18" time="2.581" classname="com.bankguru.testcase.EditCustomerScript"/>
  <testcase name="TC_20" time="2.321" classname="com.bankguru.testcase.EditCustomerScript"/>
</testsuite> <!-- Login guru on Chrome -->
